<?xml version="1.0" encoding="UTF-8"?>
<testng-results ignored="0" total="1" passed="1" failed="0" skipped="0">
  <reporter-output>
  </reporter-output>
  <suite started-at="2023-02-06T17:56:19Z" name="TestSuite" finished-at="2023-02-06T17:56:39Z" duration-ms="19904">
    <groups>
    </groups>
    <test started-at="2023-02-06T17:56:19Z" name="FirstTestName" finished-at="2023-02-06T17:56:39Z" duration-ms="19904">
      <class name="testPackage.lesson7detailitemtest.VerifyDetailItemCorrespondingItemInMainPageTest">
        <test-method is-config="true" signature="configuration()[pri:0, instance:testPackage.lesson7detailitemtest.VerifyDetailItemCorrespondingItemInMainPageTest@1a22e0ef]" started-at="2023-02-06T17:56:19Z" name="configuration" description="Creating configs for our tests" finished-at="2023-02-06T17:56:19Z" duration-ms="94" status="PASS">
          <reporter-output>
          </reporter-output>
        </test-method> <!-- configuration -->
        <test-method is-config="true" signature="setUp()[pri:0, instance:testPackage.lesson7detailitemtest.VerifyDetailItemCorrespondingItemInMainPageTest@1a22e0ef]" started-at="2023-02-06T17:56:19Z" name="setUp" description="Opening base URL" finished-at="2023-02-06T17:56:29Z" duration-ms="10070" status="PASS">
          <reporter-output>
          </reporter-output>
        </test-method> <!-- setUp -->
        <test-method signature="test()[pri:0, instance:testPackage.lesson7detailitemtest.VerifyDetailItemCorrespondingItemInMainPageTest@1a22e0ef]" started-at="2023-02-06T17:56:30Z" name="test" finished-at="2023-02-06T17:56:38Z" duration-ms="8342" status="PASS">
          <reporter-output>
          </reporter-output>
        </test-method> <!-- test -->
        <test-method is-config="true" signature="cleanWebDriver()[pri:0, instance:testPackage.lesson7detailitemtest.VerifyDetailItemCorrespondingItemInMainPageTest@1a22e0ef]" started-at="2023-02-06T17:56:38Z" name="cleanWebDriver" description="Web Driver cleanup" finished-at="2023-02-06T17:56:39Z" duration-ms="889" status="PASS">
          <reporter-output>
          </reporter-output>
        </test-method> <!-- cleanWebDriver -->
        <test-method is-config="true" signature="tearDown()[pri:0, instance:testPackage.lesson7detailitemtest.VerifyDetailItemCorrespondingItemInMainPageTest@1a22e0ef]" started-at="2023-02-06T17:56:39Z" name="tearDown" description="Closing Web Browser" finished-at="2023-02-06T17:56:39Z" duration-ms="5" status="PASS">
          <reporter-output>
          </reporter-output>
        </test-method> <!-- tearDown -->
      </class> <!-- testPackage.lesson7detailitemtest.VerifyDetailItemCorrespondingItemInMainPageTest -->
    </test> <!-- FirstTestName -->
  </suite> <!-- TestSuite -->
</testng-results>
